[      23ms] [ERROR] Executing inline script violates the following Content Security Policy directive 'script-src 'self' 'sha256-LnMFPWZxTgVOr2VYwIh9mhQ3l/l3+a3SfNOLERnuHfY=' 'sha256-+SFBjfmi2XfnyAT3POBxf6JIKYDcNXtllPclOcaNBI0=' 'sha256-AhZAmdCW6h8iXMyBcvIrqN71FGNk4lwLD+lPxx43hxg=' 'sha256-PnEBZii+iFaNE2EyXaJhRq34g6bdjRJxpLfJALdXYt8=' 'sha256-cVhuR63Moy56DV5yG0caJCEyCugMTbYclkvkK6fSwXY=' 'sha256-4Z2xtr1B9QQugoojE/nbpOViG+8l2B7CZVlKgC78AeQ=' 'wasm-unsafe-eval' https://www.youtube.com https://static.cloudflareinsights.com https://vercel.live'. Either the 'unsafe-inline' keyword, a hash ('sha256-903UI9my1I7mqHoiVeZSc56yd50YoRJTB2269QqL76w='), or a nonce ('nonce-...') is required to enable inline execution. The action has been blocked. @ http://localhost:5173/:260
[     286ms] [ERROR] [feeds] DEFAULT_ENABLED name "Breaking Defense" not found in FULL_FEEDS! @ http://localhost:5173/src/config/feeds.ts:1347
[     407ms] [WARNING] THREE.THREE.Clock: This module has been deprecated. Please use THREE.Timer instead. @ http://localhost:5173/node_modules/.vite/deps/chunk-JENIRZW7.js?v=a9a232d4:296
[     411ms] [ERROR] Loading the script 'https://va.vercel-scripts.com/v1/script.debug.js' violates the following Content Security Policy directive: "script-src 'self' 'sha256-LnMFPWZxTgVOr2VYwIh9mhQ3l/l3+a3SfNOLERnuHfY=' 'sha256-+SFBjfmi2XfnyAT3POBxf6JIKYDcNXtllPclOcaNBI0=' 'sha256-AhZAmdCW6h8iXMyBcvIrqN71FGNk4lwLD+lPxx43hxg=' 'sha256-PnEBZii+iFaNE2EyXaJhRq34g6bdjRJxpLfJALdXYt8=' 'sha256-cVhuR63Moy56DV5yG0caJCEyCugMTbYclkvkK6fSwXY=' 'sha256-4Z2xtr1B9QQugoojE/nbpOViG+8l2B7CZVlKgC78AeQ=' 'wasm-unsafe-eval' https://www.youtube.com https://static.cloudflareinsights.com https://vercel.live". Note that 'script-src-elem' was not explicitly set, so 'script-src' is used as a fallback. The action has been blocked. @ http://localhost:5173/node_modules/.vite/deps/@vercel_analytics.js?v=a9a232d4:185
[     422ms] [ERROR] The script has an unsupported MIME type ('text/html'). @ :0
[     460ms] [WARNING] [PWA] Service worker registration failed: SecurityError: Failed to register a ServiceWorker for scope ('http://localhost:5173/') with script ('http://localhost:5173/sw.js'): The script has an unsupported MIME type ('text/html'). @ http://localhost:5173/src/main.ts:368
[     932ms] [WARNING] [GDELT-Intel] RPC error: GDELT returned 429 @ http://localhost:5173/src/services/gdelt-intel.ts:128
[     994ms] [ERROR] Failed to load resource: the server responded with a status of 503 (Service Unavailable) @ http://localhost:5173/api/gpsjam:0
[    1009ms] [ERROR] [App] Telegram intel fetch failed: SyntaxError: Unexpected token 'i', "import { g"... is not valid JSON @ http://localhost:5173/src/app/data-loader.ts:2394
[    1010ms] [ERROR] [Military Flight Tracking] Failed: SyntaxError: Unexpected token 'i', "import { g"... is not valid JSON @ http://localhost:5173/src/utils/circuit-breaker.ts:274
[    1010ms] [ERROR] [App] Telegram intel fetch failed: SyntaxError: Unexpected token 'i', "import { g"... is not valid JSON @ http://localhost:5173/src/app/data-loader.ts:2394
[    1040ms] [ERROR] Failed to load resource: the server responded with a status of 404 (Not Found) @ http://localhost:5173/api/forecast/v1/get-forecasts:0
[    1176ms] [ERROR] [NWS Weather] Failed: SyntaxError: Unexpected token 'i', "import { g"... is not valid JSON @ http://localhost:5173/src/utils/circuit-breaker.ts:274
[    1176ms] [ERROR] [Polymarket] Failed: Error: No markets returned — upstream may be down @ http://localhost:5173/src/utils/circuit-breaker.ts:274
[    4670ms] [WARNING] [Summarization] All providers failed @ http://localhost:5173/src/services/summarization.ts:170
[    4670ms] [WARNING] [Summarization] All providers failed @ http://localhost:5173/src/services/summarization.ts:170
[    4670ms] [WARNING] [Summarization] All providers failed @ http://localhost:5173/src/services/summarization.ts:170
[    4670ms] [WARNING] [Summarization] All providers failed @ http://localhost:5173/src/services/summarization.ts:170
[    4670ms] [WARNING] [Summarization] All providers failed @ http://localhost:5173/src/services/summarization.ts:170
[    4972ms] [WARNING] [Summarization] All providers failed @ http://localhost:5173/src/services/summarization.ts:170
